<?xml version="1.0" encoding="UTF-8"?>
<robot generator="Robot 3.1.1 (Python 3.7.2 on win32)" generated="20190312 13:57:46.217" rpa="false">
<suite id="s1" name="Tests" source="D:\User_data\robot-scripts\first-script\Tests">
<suite id="s1-s1" name="Amazon" source="D:\User_data\robot-scripts\first-script\Tests\Amazon.robot">
<kw name="Insert Testing Data" library="Common" type="setup">
<kw name="Log" library="BuiltIn">
<doc>Logs the given message with the given level.</doc>
<arguments>
<arg>I am setting up the test data...</arg>
</arguments>
<msg timestamp="20190312 13:57:46.449" level="INFO">I am setting up the test data...</msg>
<status status="PASS" starttime="20190312 13:57:46.449" endtime="20190312 13:57:46.449"></status>
</kw>
<status status="PASS" starttime="20190312 13:57:46.449" endtime="20190312 13:57:46.449"></status>
</kw>
<test id="s1-s1-t1" name="Logged out user should be asked to sign in to check out">
<kw name="Begin Web Test" library="Common" type="setup">
<kw name="Open Browser" library="SeleniumLibrary">
<doc>Opens a new browser instance to the given ``url``.</doc>
<arguments>
<arg>about:blank</arg>
<arg>${BROWSER}</arg>
</arguments>
<msg timestamp="20190312 13:57:46.450" level="INFO">Opening browser 'Chrome' to base url 'about:blank'.</msg>
<status status="PASS" starttime="20190312 13:57:46.450" endtime="20190312 13:57:48.898"></status>
</kw>
<kw name="Maximize Browser Window" library="SeleniumLibrary">
<doc>Maximizes current browser window.</doc>
<status status="PASS" starttime="20190312 13:57:48.898" endtime="20190312 13:57:50.010"></status>
</kw>
<status status="PASS" starttime="20190312 13:57:46.450" endtime="20190312 13:57:50.011"></status>
</kw>
<kw name="Search for Products" library="AmazonApp">
<kw name="Load" library="LandingPage">
<kw name="Go To" library="SeleniumLibrary">
<doc>Navigates the active browser instance to the provided ``url``.</doc>
<arguments>
<arg>${START_URL}</arg>
</arguments>
<msg timestamp="20190312 13:57:50.013" level="INFO">Opening url 'https://www.amazon.com'</msg>
<status status="PASS" starttime="20190312 13:57:50.013" endtime="20190312 13:57:53.085"></status>
</kw>
<status status="PASS" starttime="20190312 13:57:50.012" endtime="20190312 13:57:53.086"></status>
</kw>
<kw name="Verify Page Loaded" library="LandingPage">
<kw name="Wait Until Page Contains" library="SeleniumLibrary">
<doc>Waits until ``text`` appears on current page.</doc>
<arguments>
<arg>Your Amazon.com</arg>
</arguments>
<status status="PASS" starttime="20190312 13:57:53.086" endtime="20190312 13:57:53.125"></status>
</kw>
<status status="PASS" starttime="20190312 13:57:53.086" endtime="20190312 13:57:53.125"></status>
</kw>
<kw name="Search for Products" library="TopNav">
<kw name="Enter Search Term" library="TopNav">
<kw name="Input Text" library="SeleniumLibrary">
<doc>Types the given ``text`` into text field identified by ``locator``.</doc>
<arguments>
<arg>id=twotabsearchtextbox</arg>
<arg>${SEARCH_TERM}</arg>
</arguments>
<msg timestamp="20190312 13:57:53.126" level="INFO">Typing text 'Dark Filter 52' into text field 'id=twotabsearchtextbox'.</msg>
<status status="PASS" starttime="20190312 13:57:53.126" endtime="20190312 13:57:53.237"></status>
</kw>
<status status="PASS" starttime="20190312 13:57:53.125" endtime="20190312 13:57:53.237"></status>
</kw>
<kw name="Submit Search" library="TopNav">
<kw name="Click Button" library="SeleniumLibrary">
<doc>Clicks button identified by ``locator``.</doc>
<arguments>
<arg>css:#nav-search &gt; form &gt; div.nav-right &gt; div &gt; input</arg>
</arguments>
<msg timestamp="20190312 13:57:53.238" level="INFO">Clicking button 'css:#nav-search &gt; form &gt; div.nav-right &gt; div &gt; input'.</msg>
<status status="PASS" starttime="20190312 13:57:53.238" endtime="20190312 13:57:56.375"></status>
</kw>
<status status="PASS" starttime="20190312 13:57:53.237" endtime="20190312 13:57:56.375"></status>
</kw>
<status status="PASS" starttime="20190312 13:57:53.125" endtime="20190312 13:57:56.375"></status>
</kw>
<kw name="Verify Search Complated" library="SearchResults">
<kw name="Wait Until Page Contains" library="SeleniumLibrary">
<doc>Waits until ``text`` appears on current page.</doc>
<arguments>
<arg>results for "${SEARCH_TERM}"</arg>
</arguments>
<status status="PASS" starttime="20190312 13:57:56.375" endtime="20190312 13:57:56.401"></status>
</kw>
<status status="PASS" starttime="20190312 13:57:56.375" endtime="20190312 13:57:56.401"></status>
</kw>
<status status="PASS" starttime="20190312 13:57:50.011" endtime="20190312 13:57:56.401"></status>
</kw>
<kw name="Select Product from Search Results" library="AmazonApp">
<kw name="Click Product link" library="SearchResults">
<doc>Clicks on the first product in the search result list</doc>
<kw name="Click Link" library="SeleniumLibrary">
<doc>Clicks a link identified by ``locator``.</doc>
<arguments>
<arg>xpath=//h5/a</arg>
</arguments>
<msg timestamp="20190312 13:57:56.402" level="INFO">Clicking link 'xpath=//h5/a'.</msg>
<status status="PASS" starttime="20190312 13:57:56.402" endtime="20190312 13:58:00.885"></status>
</kw>
<status status="PASS" starttime="20190312 13:57:56.402" endtime="20190312 13:58:00.885"></status>
</kw>
<kw name="Verify Page Loaded" library="Product">
<kw name="Wait Until Page Contains" library="SeleniumLibrary">
<doc>Waits until ``text`` appears on current page.</doc>
<arguments>
<arg>Back to results</arg>
</arguments>
<status status="PASS" starttime="20190312 13:58:00.885" endtime="20190312 13:58:00.932"></status>
</kw>
<status status="PASS" starttime="20190312 13:58:00.885" endtime="20190312 13:58:00.932"></status>
</kw>
<status status="PASS" starttime="20190312 13:57:56.401" endtime="20190312 13:58:00.932"></status>
</kw>
<kw name="Add Product to Cart" library="AmazonApp">
<kw name="Add to Cart" library="Product">
<kw name="Click Button" library="SeleniumLibrary">
<doc>Clicks button identified by ``locator``.</doc>
<arguments>
<arg>id=add-to-cart-button</arg>
</arguments>
<msg timestamp="20190312 13:58:00.933" level="INFO">Clicking button 'id=add-to-cart-button'.</msg>
<status status="PASS" starttime="20190312 13:58:00.933" endtime="20190312 13:58:02.884"></status>
</kw>
<status status="PASS" starttime="20190312 13:58:00.933" endtime="20190312 13:58:02.884"></status>
</kw>
<kw name="Verify Product Added" library="Cart">
<kw name="Wait Until Page Contains" library="SeleniumLibrary">
<doc>Waits until ``text`` appears on current page.</doc>
<arguments>
<arg>Added to Cart</arg>
</arguments>
<status status="PASS" starttime="20190312 13:58:02.884" endtime="20190312 13:58:02.901"></status>
</kw>
<status status="PASS" starttime="20190312 13:58:02.884" endtime="20190312 13:58:02.902"></status>
</kw>
<status status="PASS" starttime="20190312 13:58:00.933" endtime="20190312 13:58:02.902"></status>
</kw>
<kw name="Begin Checkout" library="AmazonApp">
<kw name="Proceed to checkout" library="Cart">
<kw name="Click Link" library="SeleniumLibrary">
<doc>Clicks a link identified by ``locator``.</doc>
<arguments>
<arg>Proceed to checkout</arg>
</arguments>
<msg timestamp="20190312 13:58:02.903" level="INFO">Clicking link 'Proceed to checkout'.</msg>
<kw name="Capture Page Screenshot" library="SeleniumLibrary">
<doc>Takes screenshot of the current page and embeds it into log file.</doc>
<msg timestamp="20190312 13:58:03.618" level="INFO" html="yes">&lt;/td&gt;&lt;/tr&gt;&lt;tr&gt;&lt;td colspan="3"&gt;&lt;a href="selenium-screenshot-8.png"&gt;&lt;img src="selenium-screenshot-8.png" width="800px"&gt;&lt;/a&gt;</msg>
<status status="PASS" starttime="20190312 13:58:02.918" endtime="20190312 13:58:03.618"></status>
</kw>
<msg timestamp="20190312 13:58:03.622" level="FAIL">Link with locator 'Proceed to checkout' not found.</msg>
<status status="FAIL" starttime="20190312 13:58:02.903" endtime="20190312 13:58:03.622"></status>
</kw>
<status status="FAIL" starttime="20190312 13:58:02.902" endtime="20190312 13:58:03.623"></status>
</kw>
<status status="FAIL" starttime="20190312 13:58:02.902" endtime="20190312 13:58:03.623"></status>
</kw>
<kw name="End Web Test" library="Common" type="teardown">
<kw name="Close Browser" library="SeleniumLibrary">
<doc>Closes the current browser.</doc>
<status status="PASS" starttime="20190312 13:58:03.624" endtime="20190312 13:58:05.983"></status>
</kw>
<status status="PASS" starttime="20190312 13:58:03.623" endtime="20190312 13:58:05.983"></status>
</kw>
<doc>This is some basic info about the test</doc>
<tags>
<tag>amazon3</tag>
</tags>
<status status="FAIL" starttime="20190312 13:57:46.449" endtime="20190312 13:58:05.983" critical="yes">Link with locator 'Proceed to checkout' not found.</status>
</test>
<kw name="Cleanup Testing Data" library="Common" type="teardown">
<kw name="Log" library="BuiltIn">
<doc>Logs the given message with the given level.</doc>
<arguments>
<arg>I am cleaning up the test data...</arg>
</arguments>
<msg timestamp="20190312 13:58:05.985" level="INFO">I am cleaning up the test data...</msg>
<status status="PASS" starttime="20190312 13:58:05.985" endtime="20190312 13:58:05.985"></status>
</kw>
<status status="PASS" starttime="20190312 13:58:05.985" endtime="20190312 13:58:05.985"></status>
</kw>
<doc>This is some basic info about the whole suite</doc>
<status status="FAIL" starttime="20190312 13:57:46.248" endtime="20190312 13:58:05.985"></status>
</suite>
<status status="FAIL" starttime="20190312 13:57:46.224" endtime="20190312 13:58:05.987"></status>
</suite>
<statistics>
<total>
<stat pass="0" fail="1">Critical Tests</stat>
<stat pass="0" fail="1">All Tests</stat>
</total>
<tag>
<stat pass="0" fail="1">amazon3</stat>
</tag>
<suite>
<stat pass="0" fail="1" id="s1" name="Tests">Tests</stat>
<stat pass="0" fail="1" id="s1-s1" name="Amazon">Tests.Amazon</stat>
</suite>
</statistics>
<errors>
</errors>
</robot>
