<?xml version="1.0" encoding="UTF-8"?>
<robot generator="Robot 3.1.1 (Python 3.7.2 on win32)" generated="20190311 09:47:23.801" rpa="false">
<suite id="s1" name="Amazon" source="D:\User_data\robot-scripts\first-script\Tests\Amazon.robot">
<test id="s1-t1" name="User must sign in to check out">
<kw name="Open Browser" library="SeleniumLibrary">
<doc>Opens a new browser instance to the given ``url``.</doc>
<arguments>
<arg>http://www.amazon.com</arg>
<arg>chrome</arg>
</arguments>
<msg timestamp="20190311 09:47:24.000" level="INFO">Opening browser 'chrome' to base url 'http://www.amazon.com'.</msg>
<status status="PASS" starttime="20190311 09:47:23.999" endtime="20190311 09:47:31.238"></status>
</kw>
<kw name="Sleep" library="BuiltIn">
<doc>Pauses the test executed for the given time.</doc>
<arguments>
<arg>3s</arg>
</arguments>
<msg timestamp="20190311 09:47:34.242" level="INFO">Slept 3 seconds</msg>
<status status="PASS" starttime="20190311 09:47:31.239" endtime="20190311 09:47:34.242"></status>
</kw>
<kw name="Input Text" library="SeleniumLibrary">
<doc>Types the given ``text`` into text field identified by ``locator``.</doc>
<arguments>
<arg>css:#twotabsearchtextbox</arg>
<arg>Filter 52</arg>
</arguments>
<msg timestamp="20190311 09:47:34.243" level="INFO">Typing text 'Filter 52' into text field 'css:#twotabsearchtextbox'.</msg>
<status status="PASS" starttime="20190311 09:47:34.242" endtime="20190311 09:47:34.352"></status>
</kw>
<kw name="Click Button" library="SeleniumLibrary">
<doc>Clicks button identified by ``locator``.</doc>
<arguments>
<arg>css:#nav-search &gt; form &gt; div.nav-right &gt; div &gt; input</arg>
</arguments>
<msg timestamp="20190311 09:47:34.353" level="INFO">Clicking button 'css:#nav-search &gt; form &gt; div.nav-right &gt; div &gt; input'.</msg>
<status status="PASS" starttime="20190311 09:47:34.353" endtime="20190311 09:47:38.247"></status>
</kw>
<kw name="Sleep" library="BuiltIn">
<doc>Pauses the test executed for the given time.</doc>
<arguments>
<arg>3s</arg>
</arguments>
<msg timestamp="20190311 09:47:41.249" level="INFO">Slept 3 seconds</msg>
<status status="PASS" starttime="20190311 09:47:38.248" endtime="20190311 09:47:41.249"></status>
</kw>
<kw name="Click Link" library="SeleniumLibrary">
<doc>Clicks a link identified by ``locator``.</doc>
<arguments>
<arg>css:#search &gt; div.sg-row &gt; div.sg-col-20-of-24.sg-col-28-of-32.sg-col-16-of-20.sg-col.s-right-column.sg-col-32-of-36.sg-col-8-of-12.sg-col-12-of-16.sg-col-24-of-28 &gt; div &gt; span:nth-child(4) &gt; div.s-result-list.sg-row &gt; div:nth-child(1) &gt; div &gt; div &gt; div &gt; div &gt; div &gt; div:nth-child(2) &gt; div.sg-col-4-of-12.sg-col-8-of-16.sg-col-16-of-24.sg-col-12-of-20.sg-col-24-of-32.sg-col.sg-col-28-of-36.sg-col-20-of-28 &gt; div &gt; div:nth-child(1) &gt; div &gt; div &gt; div:nth-child(1) &gt; h5 &gt; a</arg>
</arguments>
<msg timestamp="20190311 09:47:41.249" level="INFO">Clicking link 'css:#search &gt; div.sg-row &gt; div.sg-col-20-of-24.sg-col-28-of-32.sg-col-16-of-20.sg-col.s-right-column.sg-col-32-of-36.sg-col-8-of-12.sg-col-12-of-16.sg-col-24-of-28 &gt; div &gt; span:nth-child(4) &gt; div.s-result-list.sg-row &gt; div:nth-child(1) &gt; div &gt; div &gt; div &gt; div &gt; div &gt; div:nth-child(2) &gt; div.sg-col-4-of-12.sg-col-8-of-16.sg-col-16-of-24.sg-col-12-of-20.sg-col-24-of-32.sg-col.sg-col-28-of-36.sg-col-20-of-28 &gt; div &gt; div:nth-child(1) &gt; div &gt; div &gt; div:nth-child(1) &gt; h5 &gt; a'.</msg>
<status status="PASS" starttime="20190311 09:47:41.249" endtime="20190311 09:47:46.105"></status>
</kw>
<doc>This is some basic info about the test</doc>
<tags>
<tag>amazon</tag>
</tags>
<status status="PASS" starttime="20190311 09:47:23.999" endtime="20190311 09:47:46.105" critical="yes"></status>
</test>
<doc>This is some basic info about the whole suite</doc>
<status status="PASS" starttime="20190311 09:47:23.807" endtime="20190311 09:47:46.107"></status>
</suite>
<statistics>
<total>
<stat pass="1" fail="0">Critical Tests</stat>
<stat pass="1" fail="0">All Tests</stat>
</total>
<tag>
<stat pass="1" fail="0">amazon</stat>
</tag>
<suite>
<stat pass="1" fail="0" id="s1" name="Amazon">Amazon</stat>
</suite>
</statistics>
<errors>
</errors>
</robot>
