<?xml version="1.0" encoding="UTF-8"?>
<robot generator="Robot 3.1.1 (Python 3.7.2 on win32)" generated="20190315 10:06:56.202" rpa="false">
<suite id="s1" name="Tests" source="D:\User_data\robot-scripts\explore-libraries\tests">
<suite id="s1-s1" name="API Tests" source="D:\User_data\robot-scripts\explore-libraries\tests\API_Tests.robot">
<test id="s1-s1-t1" name="Make a simple REST API call">
<kw name="Check Github Username" library="Github">
<kw name="Create Session">
<arguments>
<arg>my_github_session</arg>
<arg>https://api.github.com</arg>
</arguments>
<msg timestamp="20190315 10:06:56.779" level="FAIL">No keyword with name 'Create Session' found.</msg>
<status status="FAIL" starttime="20190315 10:06:56.779" endtime="20190315 10:06:56.779"></status>
</kw>
<status status="FAIL" starttime="20190315 10:06:56.776" endtime="20190315 10:06:56.779"></status>
</kw>
<tags>
<tag>API</tag>
</tags>
<status status="FAIL" starttime="20190315 10:06:56.776" endtime="20190315 10:06:56.780" critical="yes">No keyword with name 'Create Session' found.</status>
</test>
<test id="s1-s1-t2" name="Display emoji from Github">
<kw name="Display Emoji" library="Github">
<kw name="Create Session">
<arguments>
<arg>my_github_session</arg>
<arg>https://api.github.com</arg>
</arguments>
<msg timestamp="20190315 10:06:56.784" level="FAIL">No keyword with name 'Create Session' found.</msg>
<status status="FAIL" starttime="20190315 10:06:56.784" endtime="20190315 10:06:56.784"></status>
</kw>
<status status="FAIL" starttime="20190315 10:06:56.781" endtime="20190315 10:06:56.785"></status>
</kw>
<tags>
<tag>API</tag>
</tags>
<status status="FAIL" starttime="20190315 10:06:56.781" endtime="20190315 10:06:56.785" critical="yes">No keyword with name 'Create Session' found.</status>
</test>
<doc>These are some API tests</doc>
<status status="FAIL" starttime="20190315 10:06:56.231" endtime="20190315 10:06:56.786"></status>
</suite>
<status status="FAIL" starttime="20190315 10:06:56.208" endtime="20190315 10:06:56.788"></status>
</suite>
<statistics>
<total>
<stat pass="0" fail="2">Critical Tests</stat>
<stat pass="0" fail="2">All Tests</stat>
</total>
<tag>
<stat pass="0" fail="2">API</stat>
</tag>
<suite>
<stat pass="0" fail="2" id="s1" name="Tests">Tests</stat>
<stat pass="0" fail="2" id="s1-s1" name="API Tests">Tests.API Tests</stat>
</suite>
</statistics>
<errors>
<msg timestamp="20190315 10:06:56.233" level="ERROR">Error in file 'D:\User_data\robot-scripts\explore-libraries\tests\API_Tests.robot': Resource file 'Resources\API\Github.robot' does not exist.</msg>
<msg timestamp="20190315 10:06:56.238" level="ERROR">Error in file 'D:\User_data\robot-scripts\explore-libraries\Resources\API\Github.robot': Importing test library 'RequestsLibrary' failed: ModuleNotFoundError: No module named 'RequestsLibrary'
Traceback (most recent call last):
  None
PYTHONPATH:
  C:\Program Files\Python37\Scripts\robot.exe
  c:\program files\python37\python37.zip
  c:\program files\python37\DLLs
  c:\program files\python37\lib
  c:\program files\python37
  c:\program files\python37\lib\site-packages
  c:\program files\python37\lib\site-packages\win32
  c:\program files\python37\lib\site-packages\win32\lib
  c:\program files\python37\lib\site-packages\Pythonwin</msg>
</errors>
</robot>
