<?xml version="1.0" encoding="UTF-8"?>
<robot generator="Robot 3.1.1 (Python 3.7.2 on win32)" generated="20190311 16:20:53.602" rpa="false">
<suite id="s1" name="Test Name" source="D:\User_data\robot-scripts\first-script\Tests\Amazon.robot">
<kw name="Insert Testing Data" library="Common" type="setup">
<kw name="Log" library="BuiltIn">
<doc>Logs the given message with the given level.</doc>
<arguments>
<arg>I am setting up the test data...</arg>
</arguments>
<msg timestamp="20190311 16:20:53.821" level="INFO">I am setting up the test data...</msg>
<status status="PASS" starttime="20190311 16:20:53.821" endtime="20190311 16:20:53.821"></status>
</kw>
<status status="PASS" starttime="20190311 16:20:53.820" endtime="20190311 16:20:53.821"></status>
</kw>
<test id="s1-t1" name="User can search for products">
<kw name="Begin Web Test" library="Common" type="setup">
<kw name="Open Browser" library="SeleniumLibrary">
<doc>Opens a new browser instance to the given ``url``.</doc>
<arguments>
<arg>about:blank</arg>
<arg>chrome</arg>
</arguments>
<msg timestamp="20190311 16:20:53.822" level="INFO">Opening browser 'chrome' to base url 'about:blank'.</msg>
<status status="PASS" starttime="20190311 16:20:53.822" endtime="20190311 16:20:56.257"></status>
</kw>
<kw name="Maximize Browser Window" library="SeleniumLibrary">
<doc>Maximizes current browser window.</doc>
<status status="PASS" starttime="20190311 16:20:56.257" endtime="20190311 16:20:57.372"></status>
</kw>
<status status="PASS" starttime="20190311 16:20:53.822" endtime="20190311 16:20:57.373"></status>
</kw>
<kw name="Search for Products" library="AmazonApp">
<kw name="Load" library="LandingPage">
<kw name="Go To" library="SeleniumLibrary">
<doc>Navigates the active browser instance to the provided ``url``.</doc>
<arguments>
<arg>http://www.amazon.com</arg>
</arguments>
<msg timestamp="20190311 16:20:57.376" level="INFO">Opening url 'http://www.amazon.com'</msg>
<status status="PASS" starttime="20190311 16:20:57.376" endtime="20190311 16:21:00.639"></status>
</kw>
<status status="PASS" starttime="20190311 16:20:57.375" endtime="20190311 16:21:00.639"></status>
</kw>
<kw name="Verify Page Loaded" library="LandingPage">
<kw name="Wait Until Page Contains" library="SeleniumLibrary">
<doc>Waits until ``text`` appears on current page.</doc>
<arguments>
<arg>Your Amazon.com</arg>
</arguments>
<status status="PASS" starttime="20190311 16:21:00.640" endtime="20190311 16:21:00.699"></status>
</kw>
<status status="PASS" starttime="20190311 16:21:00.640" endtime="20190311 16:21:00.699"></status>
</kw>
<kw name="Search for Products" library="TopNav">
<kw name="Enter Search Term" library="TopNav">
<kw name="Input Text" library="SeleniumLibrary">
<doc>Types the given ``text`` into text field identified by ``locator``.</doc>
<arguments>
<arg>id=twotabsearchtextbox</arg>
<arg>Filter Colour</arg>
</arguments>
<msg timestamp="20190311 16:21:00.700" level="INFO">Typing text 'Filter Colour' into text field 'id=twotabsearchtextbox'.</msg>
<status status="PASS" starttime="20190311 16:21:00.700" endtime="20190311 16:21:02.488"></status>
</kw>
<status status="PASS" starttime="20190311 16:21:00.699" endtime="20190311 16:21:02.488"></status>
</kw>
<kw name="Submit Search" library="TopNav">
<kw name="Click Button" library="SeleniumLibrary">
<doc>Clicks button identified by ``locator``.</doc>
<arguments>
<arg>css:#nav-search &gt; form &gt; div.nav-right &gt; div &gt; input</arg>
</arguments>
<msg timestamp="20190311 16:21:02.488" level="INFO">Clicking button 'css:#nav-search &gt; form &gt; div.nav-right &gt; div &gt; input'.</msg>
<status status="PASS" starttime="20190311 16:21:02.488" endtime="20190311 16:21:04.662"></status>
</kw>
<status status="PASS" starttime="20190311 16:21:02.488" endtime="20190311 16:21:04.662"></status>
</kw>
<status status="PASS" starttime="20190311 16:21:00.699" endtime="20190311 16:21:04.662"></status>
</kw>
<kw name="Verify Search Complated" library="SearchResults">
<kw name="Wait Until Page Contains" library="SeleniumLibrary">
<doc>Waits until ``text`` appears on current page.</doc>
<arguments>
<arg>results for "Filter Colour"</arg>
</arguments>
<status status="PASS" starttime="20190311 16:21:04.663" endtime="20190311 16:21:04.700"></status>
</kw>
<status status="PASS" starttime="20190311 16:21:04.663" endtime="20190311 16:21:04.700"></status>
</kw>
<status status="PASS" starttime="20190311 16:20:57.374" endtime="20190311 16:21:04.700"></status>
</kw>
<kw name="End Web Test" library="Common" type="teardown">
<kw name="Close Browser" library="SeleniumLibrary">
<doc>Closes the current browser.</doc>
<status status="PASS" starttime="20190311 16:21:04.701" endtime="20190311 16:21:06.981"></status>
</kw>
<status status="PASS" starttime="20190311 16:21:04.701" endtime="20190311 16:21:06.981"></status>
</kw>
<doc>This is some basic info about the test</doc>
<tags>
<tag>amazon</tag>
</tags>
<status status="PASS" starttime="20190311 16:20:53.821" endtime="20190311 16:21:06.982" critical="yes"></status>
</test>
<test id="s1-t2" name="User must sign in to check out">
<kw name="Begin Web Test" library="Common" type="setup">
<kw name="Open Browser" library="SeleniumLibrary">
<doc>Opens a new browser instance to the given ``url``.</doc>
<arguments>
<arg>about:blank</arg>
<arg>chrome</arg>
</arguments>
<msg timestamp="20190311 16:21:06.988" level="INFO">Opening browser 'chrome' to base url 'about:blank'.</msg>
<status status="PASS" starttime="20190311 16:21:06.987" endtime="20190311 16:21:09.317"></status>
</kw>
<kw name="Maximize Browser Window" library="SeleniumLibrary">
<doc>Maximizes current browser window.</doc>
<status status="PASS" starttime="20190311 16:21:09.317" endtime="20190311 16:21:10.432"></status>
</kw>
<status status="PASS" starttime="20190311 16:21:06.987" endtime="20190311 16:21:10.432"></status>
</kw>
<kw name="Search for Products" library="AmazonApp">
<kw name="Load" library="LandingPage">
<kw name="Go To" library="SeleniumLibrary">
<doc>Navigates the active browser instance to the provided ``url``.</doc>
<arguments>
<arg>http://www.amazon.com</arg>
</arguments>
<msg timestamp="20190311 16:21:10.435" level="INFO">Opening url 'http://www.amazon.com'</msg>
<status status="PASS" starttime="20190311 16:21:10.434" endtime="20190311 16:21:13.383"></status>
</kw>
<status status="PASS" starttime="20190311 16:21:10.434" endtime="20190311 16:21:13.384"></status>
</kw>
<kw name="Verify Page Loaded" library="LandingPage">
<kw name="Wait Until Page Contains" library="SeleniumLibrary">
<doc>Waits until ``text`` appears on current page.</doc>
<arguments>
<arg>Your Amazon.com</arg>
</arguments>
<status status="PASS" starttime="20190311 16:21:13.384" endtime="20190311 16:21:13.422"></status>
</kw>
<status status="PASS" starttime="20190311 16:21:13.384" endtime="20190311 16:21:13.422"></status>
</kw>
<kw name="Search for Products" library="TopNav">
<kw name="Enter Search Term" library="TopNav">
<kw name="Input Text" library="SeleniumLibrary">
<doc>Types the given ``text`` into text field identified by ``locator``.</doc>
<arguments>
<arg>id=twotabsearchtextbox</arg>
<arg>Filter Colour</arg>
</arguments>
<msg timestamp="20190311 16:21:13.423" level="INFO">Typing text 'Filter Colour' into text field 'id=twotabsearchtextbox'.</msg>
<status status="PASS" starttime="20190311 16:21:13.423" endtime="20190311 16:21:13.567"></status>
</kw>
<status status="PASS" starttime="20190311 16:21:13.423" endtime="20190311 16:21:13.568"></status>
</kw>
<kw name="Submit Search" library="TopNav">
<kw name="Click Button" library="SeleniumLibrary">
<doc>Clicks button identified by ``locator``.</doc>
<arguments>
<arg>css:#nav-search &gt; form &gt; div.nav-right &gt; div &gt; input</arg>
</arguments>
<msg timestamp="20190311 16:21:13.568" level="INFO">Clicking button 'css:#nav-search &gt; form &gt; div.nav-right &gt; div &gt; input'.</msg>
<status status="PASS" starttime="20190311 16:21:13.568" endtime="20190311 16:21:16.039"></status>
</kw>
<status status="PASS" starttime="20190311 16:21:13.568" endtime="20190311 16:21:16.039"></status>
</kw>
<status status="PASS" starttime="20190311 16:21:13.422" endtime="20190311 16:21:16.040"></status>
</kw>
<kw name="Verify Search Complated" library="SearchResults">
<kw name="Wait Until Page Contains" library="SeleniumLibrary">
<doc>Waits until ``text`` appears on current page.</doc>
<arguments>
<arg>results for "Filter Colour"</arg>
</arguments>
<status status="PASS" starttime="20190311 16:21:16.040" endtime="20190311 16:21:16.070"></status>
</kw>
<status status="PASS" starttime="20190311 16:21:16.040" endtime="20190311 16:21:16.070"></status>
</kw>
<status status="PASS" starttime="20190311 16:21:10.433" endtime="20190311 16:21:16.070"></status>
</kw>
<kw name="Select Product from Search Results" library="AmazonApp">
<kw name="Click Product link" library="SearchResults">
<doc>Clicks on the first product in the search result list</doc>
<kw name="Click Link" library="SeleniumLibrary">
<doc>Clicks a link identified by ``locator``.</doc>
<arguments>
<arg>*[@id="search"]/*/h5/a/span</arg>
</arguments>
<msg timestamp="20190311 16:21:16.071" level="INFO">Clicking link '*[@id="search"]/*/h5/a/span'.</msg>
<kw name="Capture Page Screenshot" library="SeleniumLibrary">
<doc>Takes screenshot of the current page and embeds it into log file.</doc>
<msg timestamp="20190311 16:21:17.012" level="INFO" html="yes">&lt;/td&gt;&lt;/tr&gt;&lt;tr&gt;&lt;td colspan="3"&gt;&lt;a href="selenium-screenshot-8.png"&gt;&lt;img src="selenium-screenshot-8.png" width="800px"&gt;&lt;/a&gt;</msg>
<status status="PASS" starttime="20190311 16:21:16.091" endtime="20190311 16:21:17.012"></status>
</kw>
<msg timestamp="20190311 16:21:17.016" level="FAIL">Link with locator '*[@id="search"]/*/h5/a/span' not found.</msg>
<status status="FAIL" starttime="20190311 16:21:16.071" endtime="20190311 16:21:17.016"></status>
</kw>
<status status="FAIL" starttime="20190311 16:21:16.071" endtime="20190311 16:21:17.016"></status>
</kw>
<status status="FAIL" starttime="20190311 16:21:16.070" endtime="20190311 16:21:17.016"></status>
</kw>
<kw name="End Web Test" library="Common" type="teardown">
<kw name="Close Browser" library="SeleniumLibrary">
<doc>Closes the current browser.</doc>
<status status="PASS" starttime="20190311 16:21:17.017" endtime="20190311 16:21:19.285"></status>
</kw>
<status status="PASS" starttime="20190311 16:21:17.017" endtime="20190311 16:21:19.285"></status>
</kw>
<doc>This is some basic info about the test</doc>
<tags>
<tag>amazon</tag>
</tags>
<status status="FAIL" starttime="20190311 16:21:06.985" endtime="20190311 16:21:19.286" critical="yes">Link with locator '*[@id="search"]/*/h5/a/span' not found.</status>
</test>
<kw name="Cleanup Testing Data" library="Common" type="teardown">
<kw name="Log" library="BuiltIn">
<doc>Logs the given message with the given level.</doc>
<arguments>
<arg>I am cleaning up the test data...</arg>
</arguments>
<msg timestamp="20190311 16:21:19.288" level="INFO">I am cleaning up the test data...</msg>
<status status="PASS" starttime="20190311 16:21:19.287" endtime="20190311 16:21:19.288"></status>
</kw>
<status status="PASS" starttime="20190311 16:21:19.287" endtime="20190311 16:21:19.288"></status>
</kw>
<doc>This is some basic info about the whole suite</doc>
<status status="FAIL" starttime="20190311 16:20:53.608" endtime="20190311 16:21:19.288"></status>
</suite>
<statistics>
<total>
<stat pass="1" fail="1">Critical Tests</stat>
<stat pass="1" fail="1">All Tests</stat>
</total>
<tag>
<stat pass="1" fail="1">amazon</stat>
</tag>
<suite>
<stat pass="1" fail="1" id="s1" name="Test Name">Test Name</stat>
</suite>
</statistics>
<errors>
</errors>
</robot>
